<?xml version="1.0" encoding="UTF-8"?>
<testsuite name="com.mikeandinog.calculator.CalculatorApplicationTests" tests="1" skipped="0" failures="0" errors="0" timestamp="2024-03-10T04:16:27" hostname="ubuntuarm" time="0.612">
  <properties/>
  <testcase name="contextLoads()" classname="com.mikeandinog.calculator.CalculatorApplicationTests" time="0.612"/>
  <system-out><![CDATA[04:16:26.214 [Test worker] INFO org.springframework.test.context.support.AnnotationConfigContextLoaderUtils -- Could not detect default configuration classes for test class [com.mikeandinog.calculator.CalculatorApplicationTests]: CalculatorApplicationTests does not declare any static, non-private, non-final, nested classes annotated with @Configuration.
04:16:26.320 [Test worker] INFO org.springframework.boot.test.context.SpringBootTestContextBootstrapper -- Found @SpringBootConfiguration com.mikeandinog.calculator.CalculatorApplication for test class com.mikeandinog.calculator.CalculatorApplicationTests

  .   ____          _            __ _ _
 /\\ / ___'_ __ _ _(_)_ __  __ _ \ \ \ \
( ( )\___ | '_ | '_| | '_ \/ _` | \ \ \ \
 \\/  ___)| |_)| | | | | || (_| |  ) ) ) )
  '  |____| .__|_| |_|_| |_\__, | / / / /
 =========|_|==============|___/=/_/_/_/
 :: Spring Boot ::                (v3.1.9)

2024-03-10T04:16:26.685Z  INFO 8016 --- [    Test worker] c.m.c.CalculatorApplicationTests         : Starting CalculatorApplicationTests using Java 17.0.10 with PID 8016 (started by ubuntu in /home/ubuntu/Documents/chapter4/calculator)
2024-03-10T04:16:26.689Z  INFO 8016 --- [    Test worker] c.m.c.CalculatorApplicationTests         : No active profile set, falling back to 1 default profile: "default"
2024-03-10T04:16:27.549Z  INFO 8016 --- [    Test worker] c.m.c.CalculatorApplicationTests         : Started CalculatorApplicationTests in 1.08 seconds (process running for 2.108)
]]></system-out>
  <system-err><![CDATA[]]></system-err>
</testsuite>
