<?xml version="1.0" encoding="UTF-8"?>
<testsuite name="com.mikeandinog.calculator.CalculatorApplicationTests" tests="1" skipped="0" failures="0" errors="0" timestamp="2024-03-10T03:02:26" hostname="ubuntuarm" time="0.433">
  <properties/>
  <testcase name="contextLoads()" classname="com.mikeandinog.calculator.CalculatorApplicationTests" time="0.433"/>
  <system-out><![CDATA[03:02:25.621 [Test worker] INFO org.springframework.test.context.support.AnnotationConfigContextLoaderUtils -- Could not detect default configuration classes for test class [com.mikeandinog.calculator.CalculatorApplicationTests]: CalculatorApplicationTests does not declare any static, non-private, non-final, nested classes annotated with @Configuration.
03:02:25.677 [Test worker] INFO org.springframework.boot.test.context.SpringBootTestContextBootstrapper -- Found @SpringBootConfiguration com.mikeandinog.calculator.CalculatorApplication for test class com.mikeandinog.calculator.CalculatorApplicationTests

  .   ____          _            __ _ _
 /\\ / ___'_ __ _ _(_)_ __  __ _ \ \ \ \
( ( )\___ | '_ | '_| | '_ \/ _` | \ \ \ \
 \\/  ___)| |_)| | | | | || (_| |  ) ) ) )
  '  |____| .__|_| |_|_| |_\__, | / / / /
 =========|_|==============|___/=/_/_/_/
 :: Spring Boot ::                (v3.1.9)

2024-03-10T03:02:25.872Z  INFO 18432 --- [    Test worker] c.m.c.CalculatorApplicationTests         : Starting CalculatorApplicationTests using Java 17.0.10 with PID 18432 (started by ubuntu in /home/ubuntu/Documents/chapter4/calculator)
2024-03-10T03:02:25.873Z  INFO 18432 --- [    Test worker] c.m.c.CalculatorApplicationTests         : No active profile set, falling back to 1 default profile: "default"
2024-03-10T03:02:26.377Z  INFO 18432 --- [    Test worker] c.m.c.CalculatorApplicationTests         : Started CalculatorApplicationTests in 0.626 seconds (process running for 1.208)
]]></system-out>
  <system-err><![CDATA[]]></system-err>
</testsuite>
